2023/11/20 10:45:15:S.I.N.G.S.jpg
2023/11/20 11:09:24:S.I.N.G.S.jpg
2023/11/20 11:17:25:aaaaa.jpg
2023/11/20 11:18:11:aaaaa.jpg
2023/11/20 11:18:54:aaaaa.jpg
2023/11/20 11:19:01:aaaaa.jpg
2023/11/20 11:19:11:aaaaa.jpg
2023/11/20 11:20:01:aaaaa.jpg
2023/11/20 11:21:27:usericon1.jpg
2023/11/20 11:22:38:bbb.jpg
2023/11/20 11:28:33:bbb.jpg
2023/11/20 11:29:40:bbb.jpg
2023/11/20 11:30:48:bbb.jpg
2023/11/20 11:32:57:bbb.jpg
2023/11/20 11:33:31:bbb.jpg
2023/11/20 11:34:23:bbb.jpg
2023/11/20 11:49:17:aaaaa.jpg
2023/11/20 11:49:45:aaaaa.jpg
2023/11/20 11:57:55:aaaaa.jpg
2023/11/20 12:00:44:aaaaa.jpg
2023/11/20 12:02:34:aaaaa.jpg
2023/11/20 12:08:18:aaaaa.jpg
2023/11/20 12:08:50:bbb.jpg
2023/11/20 16:06:18:aaaaa.jpg
2023/11/20 16:06:45:bbb.jpg
2023/11/20 17:42:54:kao3.jpg
2023/11/20 17:44:12:kao3.jpg
2023/11/20 17:44:34:kao3.jpg
2023/11/22 13:29:56:kao3.jpg
